\BOOKMARK [0][-]{chapter*.1}{\376\377\000S\000a\000d\000r\001\176\000a\000j}{}% 1
\BOOKMARK [0][-]{chapter*.2}{\376\377\000P\000o\000p\000i\000s\000\040\000s\000l\000i\000k\000a}{}% 2
\BOOKMARK [0][-]{chapter.1}{\376\377\000U\000v\000o\000d}{}% 3
\BOOKMARK [1][-]{section.1.1}{\376\377\000P\000r\000o\000b\000l\000e\000m\000s\000k\000i\000\040\000o\000k\000v\000i\000r\000\040\000i\000\040\000m\000o\000t\000i\000v\000a\000c\000i\000j\000a}{chapter.1}% 4
\BOOKMARK [1][-]{section.1.2}{\376\377\000P\000r\000e\000d\000l\000o\001\176\000e\000n\000o\000\040\000r\000j\000e\001\141\000e\000n\000j\000e\000\040\000i\000\040\000c\000i\000l\000j\000e\000v\000i\000\040\000r\000a\000d\000a}{chapter.1}% 5
\BOOKMARK [1][-]{section.1.3}{\376\377\000S\000t\000r\000u\000k\000t\000u\000r\000a\000\040\000r\000a\000d\000a}{chapter.1}% 6
\BOOKMARK [0][-]{chapter.2}{\376\377\000K\000o\000r\000i\001\141\000t\000e\000n\000e\000\040\000t\000e\000h\000n\000o\000l\000o\000g\000i\000j\000e\000\040\000i\000\040\000a\000l\000a\000t\000i}{}% 7
\BOOKMARK [1][-]{section.2.1}{\376\377\000T\000e\000h\000n\000o\000l\000o\000g\000i\000j\000e\000\040\000z\000a\000\040\000u\000p\000r\000a\000v\000l\000j\000a\000n\000j\000e\000\040\000p\000o\000d\000a\000c\000i\000m\000a}{chapter.2}% 8
\BOOKMARK [2][-]{subsection.2.1.1}{\376\377\000S\000P\000A\000R\000Q\000L\000\040\000\050\000S\000P\000A\000R\000Q\000L\000\040\000P\000r\000o\000t\000o\000c\000o\000l\000\040\000a\000n\000d\000\040\000R\000D\000F\000\040\000Q\000u\000e\000r\000y\000\040\000L\000a\000n\000g\000u\000a\000g\000e\000\051}{section.2.1}% 9
\BOOKMARK [2][-]{subsection.2.1.2}{\376\377\000D\000C\000A\000T\000\040\000\050\000D\000a\000t\000a\000\040\000C\000a\000t\000a\000l\000o\000g\000\040\000V\000o\000c\000a\000b\000u\000l\000a\000r\000y\000\051}{section.2.1}% 10
\BOOKMARK [2][-]{subsection.2.1.3}{\376\377\000C\000h\000r\000o\000m\000a\000D\000B\000\040\000V\000e\000k\000t\000o\000r\000s\000k\000a\000\040\000B\000a\000z\000a\000\040\000P\000o\000d\000a\000t\000a\000k\000a}{section.2.1}% 11
\BOOKMARK [1][-]{section.2.2}{\376\377\000K\000o\000m\000p\000o\000n\000e\000n\000t\000e\000\040\000u\000m\000j\000e\000t\000n\000e\000\040\000i\000n\000t\000e\000l\000i\000g\000e\000n\000c\000i\000j\000e}{chapter.2}% 12
\BOOKMARK [2][-]{subsection.2.2.1}{\376\377\000V\000e\000l\000i\000k\000i\000\040\000j\000e\000z\000i\001\015\000n\000i\000\040\000m\000o\000d\000e\000l\000i\000\040\000\050\000L\000L\000M\000\051\000\040\000-\000\040\000O\000p\000e\000n\000A\000I\000\040\000G\000P\000T\000-\0004}{section.2.2}% 13
\BOOKMARK [2][-]{subsection.2.2.2}{\376\377\000M\000o\000d\000e\000l\000i\000\040\000z\000a\000\040\000s\000e\000m\000a\000n\000t\000i\001\015\000k\000e\000\040\000u\000g\000r\000a\000d\000b\000e\000\040\000-\000\040\000S\000e\000n\000t\000e\000n\000c\000e\000\040\000T\000r\000a\000n\000s\000f\000o\000r\000m\000e\000r\000s}{section.2.2}% 14
\BOOKMARK [2][-]{subsection.2.2.3}{\376\377\000O\000r\000k\000e\000s\000t\000r\000a\000c\000i\000j\000s\000k\000i\000\040\000o\000k\000v\000i\000r\000i\000\040\000-\000\040\000L\000a\000n\000g\000C\000h\000a\000i\000n}{section.2.2}% 15
\BOOKMARK [0][-]{chapter.3}{\376\377\000A\000r\000h\000i\000t\000e\000k\000t\000u\000r\000a\000\040\000s\000u\000s\000t\000a\000v\000a}{}% 16
\BOOKMARK [1][-]{section.3.1}{\376\377\000K\000o\000r\000i\001\141\000t\000e\000n\000e\000\040\000t\000e\000h\000n\000o\000l\000o\000g\000i\000j\000e}{chapter.3}% 17
\BOOKMARK [1][-]{section.3.2}{\376\377\000K\000l\000j\000u\001\015\000n\000e\000\040\000f\000u\000n\000k\000c\000i\000o\000n\000a\000l\000n\000o\000s\000t\000i}{chapter.3}% 18
\BOOKMARK [1][-]{section.3.3}{\376\377\000A\000r\000h\000i\000t\000e\000k\000t\000u\000r\000a\000\040\000i\000\040\000s\000k\000a\000l\000a\000b\000i\000l\000n\000o\000s\000t}{chapter.3}% 19
\BOOKMARK [1][-]{section.3.4}{\376\377\000I\000m\000p\000l\000e\000m\000e\000n\000t\000a\000c\000i\000j\000a\000\040\000R\000A\000G\000\040\000s\000u\000s\000t\000a\000v\000a\000\040\000i\000\040\000v\000e\000k\000t\000o\000r\000s\000k\000e\000\040\000b\000a\000z\000e}{chapter.3}% 20
\BOOKMARK [1][-]{section.3.5}{\376\377\000G\000e\000n\000e\000r\000i\000r\000a\000n\000j\000e\000\040\000S\000P\000A\000R\000Q\000L\000\040\000u\000p\000i\000t\000a\000\040\000i\000\040\000p\000r\000o\000m\000p\000t\000\040\000e\000n\000g\000i\000n\000e\000e\000r\000i\000n\000g}{chapter.3}% 21
\BOOKMARK [1][-]{section.3.6}{\376\377\000E\000k\000s\000t\000r\000a\000k\000c\000i\000j\000a\000\040\000s\000h\000e\000m\000e\000\040\000i\000\040\000D\000C\000A\000T\000\040\000a\000n\000a\000l\000i\000z\000a}{chapter.3}% 22
\BOOKMARK [1][-]{section.3.7}{\376\377\000U\000n\000i\000f\000i\000e\000d\000\040\000D\000a\000t\000a\000\040\000A\000s\000s\000i\000s\000t\000a\000n\000t\000\040\000i\000\040\000m\000u\000l\000t\000i\000m\000o\000d\000a\000l\000n\000o\000\040\000p\000r\000e\000t\000r\000a\001\176\000i\000v\000a\000n\000j\000e}{chapter.3}% 23
\BOOKMARK [1][-]{section.3.8}{\376\377\000V\000a\000l\000i\000d\000a\000c\000i\000j\000a\000,\000\040\000r\000u\000k\000o\000v\000a\000n\000j\000e\000\040\000g\000r\000e\001\141\000k\000a\000m\000a\000\040\000i\000\040\000o\000p\000t\000i\000m\000i\000z\000a\000c\000i\000j\000a}{chapter.3}% 24
\BOOKMARK [1][-]{section.3.9}{\376\377\000C\000j\000e\000l\000o\000k\000u\000p\000n\000i\000\040\000p\000r\000e\000g\000l\000e\000d\000\040\000i\000\040\000t\000o\000k\000\040\000p\000o\000d\000a\000t\000a\000k\000a}{chapter.3}% 25
\BOOKMARK [1][-]{section.3.10}{\376\377\000A\000r\000h\000i\000t\000e\000k\000t\000u\000r\000a\000\040\000R\000A\000G\000\040\000p\000o\000d\000s\000u\000s\000t\000a\000v\000a}{chapter.3}% 26
\BOOKMARK [2][-]{subsection.3.10.1}{\376\377\000D\000i\000z\000a\000j\000n\000\040\000v\000e\000k\000t\000o\000r\000s\000k\000e\000\040\000b\000a\000z\000e}{section.3.10}% 27
\BOOKMARK [2][-]{subsection.3.10.2}{\376\377\000D\000i\000z\000a\000j\000n\000\040\000p\000r\000o\000c\000e\000s\000a\000\040\000g\000e\000n\000e\000r\000i\000r\000a\000n\000j\000a\000\040\000u\000p\000i\000t\000a}{section.3.10}% 28
\BOOKMARK [1][-]{section.3.11}{\376\377\000A\000r\000h\000i\000t\000e\000k\000t\000u\000r\000a\000\040\000m\000u\000l\000t\000i\000m\000o\000d\000a\000l\000n\000o\000g\000\040\000p\000r\000e\000t\000r\000a\001\176\000i\000v\000a\000n\000j\000a}{chapter.3}% 29
\BOOKMARK [0][-]{chapter.4}{\376\377\000E\000v\000a\000l\000u\000a\000c\000i\000j\000a\000\040\000s\000u\000s\000t\000a\000v\000a}{}% 30
\BOOKMARK [1][-]{section.4.1}{\376\377\000M\000e\000t\000o\000d\000o\000l\000o\000g\000i\000j\000a\000\040\000i\000\040\000t\000e\000s\000t\000n\000o\000\040\000o\000k\000r\000u\001\176\000e\000n\000j\000e}{chapter.4}% 31
\BOOKMARK [2][-]{subsection.4.1.1}{\376\377\000I\000z\000v\000o\000r\000\040\000p\000o\000d\000a\000t\000a\000k\000a}{section.4.1}% 32
\BOOKMARK [2][-]{subsection.4.1.2}{\376\377\000T\000e\000s\000t\000n\000i\000\040\000s\000k\000u\000p\000\040\000u\000p\000i\000t\000a}{section.4.1}% 33
\BOOKMARK [2][-]{subsection.4.1.3}{\376\377\000D\000e\000f\000i\000n\000i\000r\000a\000n\000e\000\040\000m\000e\000t\000r\000i\000k\000e}{section.4.1}% 34
\BOOKMARK [2][-]{subsection.4.1.4}{\376\377\000T\000e\000s\000t\000n\000o\000\040\000o\000k\000r\000u\001\176\000e\000n\000j\000e}{section.4.1}% 35
\BOOKMARK [1][-]{section.4.2}{\376\377\000A\000n\000a\000l\000i\000z\000a\000\040\000r\000e\000z\000u\000l\000t\000a\000t\000a}{chapter.4}% 36
\BOOKMARK [2][-]{subsection.4.2.1}{\376\377\000U\000s\000p\000j\000e\001\141\000n\000o\000s\000t\000\040\000i\000\040\000t\000o\001\015\000n\000o\000s\000t\000\040\000g\000e\000n\000e\000r\000i\000r\000a\000n\000j\000a\000\040\000u\000p\000i\000t\000a}{section.4.2}% 37
\BOOKMARK [2][-]{subsection.4.2.2}{\376\377\000A\000n\000a\000l\000i\000z\000a\000\040\000p\000e\000r\000f\000o\000r\000m\000a\000n\000s\000i\000\040\000i\000\040\000v\000r\000e\000m\000e\000n\000a\000\040\000o\000d\000z\000i\000v\000a}{section.4.2}% 38
\BOOKMARK [2][-]{subsection.4.2.3}{\376\377\000P\000r\000e\000d\000m\000e\000m\000o\000r\000i\000r\000a\000n\000j\000e\000\040\000i\000\040\000o\000p\000t\000i\000m\000i\000z\000a\000c\000i\000j\000a}{section.4.2}% 39
\BOOKMARK [1][-]{section.4.3}{\376\377\000U\000s\000p\000o\000r\000e\000d\000n\000a\000\040\000a\000n\000a\000l\000i\000z\000a\000\040\000i\000\040\000t\000e\000s\000t\000i\000r\000a\000n\000j\000e\000\040\000s\000t\000a\000b\000i\000l\000n\000o\000s\000t\000i}{chapter.4}% 40
\BOOKMARK [2][-]{subsection.4.3.1}{\376\377\000U\000s\000p\000o\000r\000e\000d\000b\000a\000\040\000s\000\040\000a\000l\000t\000e\000r\000n\000a\000t\000i\000v\000n\000i\000m\000\040\000p\000r\000i\000s\000t\000u\000p\000i\000m\000a}{section.4.3}% 41
\BOOKMARK [2][-]{subsection.4.3.2}{\376\377\000T\000e\000s\000t\000o\000v\000i\000\040\000s\000t\000a\000b\000i\000l\000n\000o\000s\000t\000i}{section.4.3}% 42
\BOOKMARK [2][-]{subsection.4.3.3}{\376\377\000E\000v\000a\000l\000u\000a\000c\000i\000j\000a\000\040\000k\000o\000r\000i\000s\000n\000i\001\015\000k\000o\000g\000\040\000i\000s\000k\000u\000s\000t\000v\000a}{section.4.3}% 43
\BOOKMARK [1][-]{section.4.4}{\376\377\000D\000i\000s\000k\000u\000s\000i\000j\000a\000\040\000r\000e\000z\000u\000l\000t\000a\000t\000a\000\040\000e\000v\000a\000l\000u\000a\000c\000i\000j\000e}{chapter.4}% 44
\BOOKMARK [2][-]{subsection.4.4.1}{\376\377\000K\000l\000j\000u\001\015\000n\000i\000\040\000d\000o\000p\000r\000i\000n\000o\000s\000i}{section.4.4}% 45
\BOOKMARK [2][-]{subsection.4.4.2}{\376\377\000P\000o\000d\000r\000u\001\015\000j\000a\000\040\000z\000a\000\040\000p\000o\000b\000o\000l\000j\001\141\000a\000n\000j\000e}{section.4.4}% 46
\BOOKMARK [0][-]{chapter.5}{\376\377\000R\000a\000s\000p\000r\000a\000v\000a\000\040\000i\000\040\000b\000u\000d\000u\001\007\000i\000\040\000r\000a\000d}{}% 47
\BOOKMARK [1][-]{section.5.1}{\376\377\000O\000g\000r\000a\000n\000i\001\015\000e\000n\000j\000a}{chapter.5}% 48
\BOOKMARK [2][-]{subsection.5.1.1}{\376\377\000O\000v\000i\000s\000n\000o\000s\000t\000\040\000o\000\040\000k\000o\000m\000e\000r\000c\000i\000j\000a\000l\000n\000i\000m\000\040\000L\000L\000M\000\040\000A\000P\000I\000-\000j\000i\000m\000a}{section.5.1}% 49
\BOOKMARK [2][-]{subsection.5.1.2}{\376\377\000J\000e\000z\000i\001\015\000n\000a\000\040\000p\000o\000d\000r\001\141\000k\000a}{section.5.1}% 50
\BOOKMARK [2][-]{subsection.5.1.3}{\376\377\000S\000k\000a\000l\000a\000b\000i\000l\000n\000o\000s\000t\000\040\000s\000u\000s\000t\000a\000v\000a}{section.5.1}% 51
\BOOKMARK [2][-]{subsection.5.1.4}{\376\377\000D\000o\000m\000e\000n\000s\000k\000o\000\040\000u\000s\000m\000j\000e\000r\000a\000v\000a\000n\000j\000e}{section.5.1}% 52
\BOOKMARK [1][-]{section.5.2}{\376\377\000S\000m\000j\000e\000r\000n\000i\000c\000e\000\040\000z\000a\000\040\000b\000u\000d\000u\001\007\000a\000\040\000i\000s\000t\000r\000a\001\176\000i\000v\000a\000n\000j\000a}{chapter.5}% 53
\BOOKMARK [2][-]{subsection.5.2.1}{\376\377\000I\000m\000p\000l\000e\000m\000e\000n\000t\000a\000c\000i\000j\000a\000\040\000l\000o\000k\000a\000l\000n\000i\000h\000\040\000L\000L\000M\000-\000o\000v\000a}{section.5.2}% 54
\BOOKMARK [2][-]{subsection.5.2.2}{\376\377\000U\000n\000a\000p\000r\000e\001\021\000e\000n\000j\000e\000\040\000b\000a\000z\000e\000\040\000p\000r\000i\000m\000j\000e\000r\000a}{section.5.2}% 55
\BOOKMARK [2][-]{subsection.5.2.3}{\376\377\000B\000o\000l\000j\000e\000\040\000s\000t\000r\000a\000t\000e\000g\000i\000j\000e\000\040\000s\000i\000n\000t\000e\000z\000e}{section.5.2}% 56
\BOOKMARK [2][-]{subsection.5.2.4}{\376\377\000V\000i\001\141\000e\000j\000e\000z\000i\001\015\000n\000a\000\040\000p\000o\000d\000r\001\141\000k\000a}{section.5.2}% 57
\BOOKMARK [2][-]{subsection.5.2.5}{\376\377\000P\000r\000e\000l\000a\000z\000a\000k\000\040\000n\000a\000\040\000d\000i\000s\000t\000r\000i\000b\000u\000i\000r\000a\000n\000u\000\040\000a\000r\000h\000i\000t\000e\000k\000t\000u\000r\000u}{section.5.2}% 58
\BOOKMARK [2][-]{subsection.5.2.6}{\376\377\000D\000o\000d\000a\000t\000n\000e\000\040\000z\000n\000a\001\015\000a\000j\000k\000e\000\040\000k\000o\000r\000i\000s\000n\000i\001\015\000k\000o\000g\000\040\000s\000u\001\015\000e\000l\000j\000a}{section.5.2}% 59
\BOOKMARK [1][-]{section.5.3}{\376\377\000D\000u\000g\000o\000r\000o\001\015\000n\000a\000\040\000v\000i\000z\000i\000j\000a}{chapter.5}% 60
\BOOKMARK [2][-]{subsection.5.3.1}{\376\377\000I\000n\000t\000e\000g\000r\000a\000c\000i\000j\000a\000\040\000s\000\040\000A\000I\000\040\000e\000k\000o\000s\000i\000s\000t\000e\000m\000o\000m}{section.5.3}% 61
\BOOKMARK [2][-]{subsection.5.3.2}{\376\377\000S\000t\000a\000n\000d\000a\000r\000d\000i\000z\000a\000c\000i\000j\000a\000\040\000p\000r\000i\000s\000t\000u\000p\000a}{section.5.3}% 62
\BOOKMARK [2][-]{subsection.5.3.3}{\376\377\000E\000d\000u\000k\000a\000c\000i\000j\000s\000k\000a\000\040\000k\000o\000m\000p\000o\000n\000e\000n\000t\000a}{section.5.3}% 63
\BOOKMARK [0][-]{chapter.6}{\376\377\000Z\000a\000k\000l\000j\000u\001\015\000a\000k}{}% 64
\BOOKMARK [1][-]{section.6.1}{\376\377\000G\000l\000a\000v\000n\000a\000\040\000p\000o\000s\000t\000i\000g\000n\000u\001\007\000a}{chapter.6}% 65
\BOOKMARK [2][-]{subsection.6.1.1}{\376\377\000T\000e\000h\000n\000i\001\015\000k\000i\000\040\000d\000o\000p\000r\000i\000n\000o\000s\000i}{section.6.1}% 66
\BOOKMARK [2][-]{subsection.6.1.2}{\376\377\000P\000r\000a\000k\000t\000i\001\015\000n\000i\000\040\000u\000t\000j\000e\000c\000a\000j}{section.6.1}% 67
\BOOKMARK [1][-]{section.6.2}{\376\377\000O\000d\000g\000o\000v\000o\000r\000i\000\040\000n\000a\000\040\000i\000s\000t\000r\000a\001\176\000i\000v\000a\001\015\000k\000a\000\040\000p\000i\000t\000a\000n\000j\000a}{chapter.6}% 68
\BOOKMARK [1][-]{section.6.3}{\376\377\000O\000g\000r\000a\000n\000i\001\015\000e\000n\000j\000a\000\040\000i\000\040\000b\000u\000d\000u\001\007\000i\000\040\000r\000a\000d}{chapter.6}% 69
\BOOKMARK [1][-]{section.6.4}{\376\377\000S\000m\000j\000e\000r\000n\000i\000c\000e\000\040\000z\000a\000\040\000b\000u\000d\000u\001\007\000i\000\040\000r\000a\000z\000v\000o\000j}{chapter.6}% 70
\BOOKMARK [1][-]{section.6.5}{\376\377\000Z\000a\000v\000r\001\141\000n\000a\000\040\000r\000a\000z\000m\000a\000t\000r\000a\000n\000j\000a}{chapter.6}% 71
\BOOKMARK [0][-]{chapter.7}{\376\377\000L\000i\000t\000e\000r\000a\000t\000u\000r\000a}{}% 72
\BOOKMARK [0][-]{chapter*.88}{\376\377\000P\000o\000p\000i\000s\000\040\000i\000z\000v\000o\000r\000a\000\040\000s\000l\000i\000k\000a}{}% 73
\BOOKMARK [0][-]{chapter*.89}{\376\377\000S\000a\001\176\000e\000t\000a\000k}{}% 74
\BOOKMARK [0][-]{chapter*.90}{\376\377\000A\000b\000s\000t\000r\000a\000c\000t}{}% 75
